0 verbose cli C:\Program Files\nodejs\node.exe C:\Program Files\nodejs\node_modules\npm\bin\npm-cli.js
1 info using npm@11.6.2
2 info using node@v24.12.0
3 silly config load:file:C:\Program Files\nodejs\node_modules\npm\npmrc
4 silly config load:file:C:\Users\faiza\Downloads\ClusterCat\ClusterCat\apps\web\.npmrc
5 silly config load:file:C:\Users\faiza\.npmrc
6 silly config load:file:C:\Users\faiza\AppData\Roaming\npm\etc\npmrc
7 verbose title npm install
8 verbose argv "install" "--cache" ".\\.npm-cache" "--no-audit" "--no-fund"
9 verbose logfile logs-max:10 dir:C:\Users\faiza\Downloads\ClusterCat\ClusterCat\apps\web\.npm-cache\_logs\2026-05-02T13_47_47_840Z-
10 verbose logfile C:\Users\faiza\Downloads\ClusterCat\ClusterCat\apps\web\.npm-cache\_logs\2026-05-02T13_47_47_840Z-debug-0.log
11 silly logfile done cleaning log files
12 silly packumentCache heap:4496293888 maxSize:1124073472 maxEntrySize:562036736
13 silly idealTree buildDeps
14 silly reify mark retired [
14 silly reify   'C:\\Users\\faiza\\Downloads\\ClusterCat\\ClusterCat\\apps\\web\\node_modules\\next'
14 silly reify ]
15 silly reify moves {
15 silly reify   'C:\\Users\\faiza\\Downloads\\ClusterCat\\ClusterCat\\apps\\web\\node_modules\\next': 'C:\\Users\\faiza\\Downloads\\ClusterCat\\ClusterCat\\apps\\web\\node_modules\\.next-0g8aLSZW'
15 silly reify }
16 http cache util-deprecate@https://registry.npmjs.org/util-deprecate/-/util-deprecate-1.0.2.tgz 0ms (cache hit)
17 http cache yaml@https://registry.npmjs.org/yaml/-/yaml-2.8.4.tgz 0ms (cache hit)
18 http cache undici-types@https://registry.npmjs.org/undici-types/-/undici-types-6.20.0.tgz 0ms (cache hit)
19 http cache typescript@https://registry.npmjs.org/typescript/-/typescript-5.7.2.tgz 0ms (cache hit)
20 http cache update-browserslist-db@https://registry.npmjs.org/update-browserslist-db/-/update-browserslist-db-1.2.3.tgz 0ms (cache hit)
21 http cache to-regex-range@https://registry.npmjs.org/to-regex-range/-/to-regex-range-5.0.1.tgz 0ms (cache hit)
22 http cache tslib@https://registry.npmjs.org/tslib/-/tslib-2.8.1.tgz 0ms (cache hit)
23 http cache ts-interface-checker@https://registry.npmjs.org/ts-interface-checker/-/ts-interface-checker-0.1.13.tgz 0ms (cache hit)
24 http cache thenify@https://registry.npmjs.org/thenify/-/thenify-3.3.1.tgz 0ms (cache hit)
25 http cache tinyglobby@https://registry.npmjs.org/tinyglobby/-/tinyglobby-0.2.16.tgz 0ms (cache hit)
26 http cache tailwindcss@https://registry.npmjs.org/tailwindcss/-/tailwindcss-3.4.17.tgz 0ms (cache hit)
27 http cache supports-preserve-symlinks-flag@https://registry.npmjs.org/supports-preserve-symlinks-flag/-/supports-preserve-symlinks-flag-1.0.0.tgz 0ms (cache hit)
28 http cache styled-jsx@https://registry.npmjs.org/styled-jsx/-/styled-jsx-5.1.1.tgz 0ms (cache hit)
29 http cache thenify-all@https://registry.npmjs.org/thenify-all/-/thenify-all-1.6.0.tgz 0ms (cache hit)
30 http cache streamsearch@https://registry.npmjs.org/streamsearch/-/streamsearch-1.1.0.tgz 0ms (cache hit)
31 http cache sucrase@https://registry.npmjs.org/sucrase/-/sucrase-3.35.1.tgz 0ms (cache hit)
32 http cache source-map-js@https://registry.npmjs.org/source-map-js/-/source-map-js-1.2.1.tgz 0ms (cache hit)
33 http cache reusify@https://registry.npmjs.org/reusify/-/reusify-1.1.0.tgz 0ms (cache hit)
34 http cache run-parallel@https://registry.npmjs.org/run-parallel/-/run-parallel-1.2.0.tgz 0ms (cache hit)
35 http cache scheduler@https://registry.npmjs.org/scheduler/-/scheduler-0.23.2.tgz 0ms (cache hit)
36 http cache resolve@https://registry.npmjs.org/resolve/-/resolve-1.22.12.tgz 0ms (cache hit)
37 http cache readdirp@https://registry.npmjs.org/readdirp/-/readdirp-3.6.0.tgz 0ms (cache hit)
38 http cache read-cache@https://registry.npmjs.org/read-cache/-/read-cache-1.0.0.tgz 0ms (cache hit)
39 http cache react-dom@https://registry.npmjs.org/react-dom/-/react-dom-18.3.1.tgz 0ms (cache hit)
40 http cache react@https://registry.npmjs.org/react/-/react-18.3.1.tgz 0ms (cache hit)
41 http cache queue-microtask@https://registry.npmjs.org/queue-microtask/-/queue-microtask-1.2.3.tgz 0ms (cache hit)
42 http cache postcss-selector-parser@https://registry.npmjs.org/postcss-selector-parser/-/postcss-selector-parser-6.1.2.tgz 0ms (cache hit)
43 http cache postcss-value-parser@https://registry.npmjs.org/postcss-value-parser/-/postcss-value-parser-4.2.0.tgz 0ms (cache hit)
44 http cache postcss-nested@https://registry.npmjs.org/postcss-nested/-/postcss-nested-6.2.0.tgz 0ms (cache hit)
45 http cache postcss-js@https://registry.npmjs.org/postcss-js/-/postcss-js-4.1.0.tgz 0ms (cache hit)
46 http cache postcss-import@https://registry.npmjs.org/postcss-import/-/postcss-import-15.1.0.tgz 0ms (cache hit)
47 http cache postcss@https://registry.npmjs.org/postcss/-/postcss-8.4.49.tgz 0ms (cache hit)
48 http cache pirates@https://registry.npmjs.org/pirates/-/pirates-4.0.7.tgz 0ms (cache hit)
49 http cache pify@https://registry.npmjs.org/pify/-/pify-2.3.0.tgz 0ms (cache hit)
50 http cache picomatch@https://registry.npmjs.org/picomatch/-/picomatch-2.3.2.tgz 0ms (cache hit)
51 http cache picocolors@https://registry.npmjs.org/picocolors/-/picocolors-1.1.1.tgz 0ms (cache hit)
52 http cache object-hash@https://registry.npmjs.org/object-hash/-/object-hash-3.0.0.tgz 0ms (cache hit)
53 http cache path-parse@https://registry.npmjs.org/path-parse/-/path-parse-1.0.7.tgz 0ms (cache hit)
54 http cache object-assign@https://registry.npmjs.org/object-assign/-/object-assign-4.1.1.tgz 0ms (cache hit)
55 http cache normalize-range@https://registry.npmjs.org/normalize-range/-/normalize-range-0.1.2.tgz 0ms (cache hit)
56 http cache normalize-path@https://registry.npmjs.org/normalize-path/-/normalize-path-3.0.0.tgz 0ms (cache hit)
57 http cache node-releases@https://registry.npmjs.org/node-releases/-/node-releases-2.0.38.tgz 0ms (cache hit)
58 http cache mz@https://registry.npmjs.org/mz/-/mz-2.7.0.tgz 0ms (cache hit)
59 http cache nanoid@https://registry.npmjs.org/nanoid/-/nanoid-3.3.12.tgz 0ms (cache hit)
60 http cache merge2@https://registry.npmjs.org/merge2/-/merge2-1.4.1.tgz 0ms (cache hit)
61 http cache micromatch@https://registry.npmjs.org/micromatch/-/micromatch-4.0.8.tgz 0ms (cache hit)
62 http cache loose-envify@https://registry.npmjs.org/loose-envify/-/loose-envify-1.4.0.tgz 0ms (cache hit)
63 http cache lilconfig@https://registry.npmjs.org/lilconfig/-/lilconfig-3.1.3.tgz 0ms (cache hit)
64 http cache lines-and-columns@https://registry.npmjs.org/lines-and-columns/-/lines-and-columns-1.2.4.tgz 0ms (cache hit)
65 http cache jiti@https://registry.npmjs.org/jiti/-/jiti-1.21.7.tgz 0ms (cache hit)
66 http cache js-tokens@https://registry.npmjs.org/js-tokens/-/js-tokens-4.0.0.tgz 0ms (cache hit)
67 http cache is-number@https://registry.npmjs.org/is-number/-/is-number-7.0.0.tgz 0ms (cache hit)
68 http cache is-glob@https://registry.npmjs.org/is-glob/-/is-glob-4.0.3.tgz 0ms (cache hit)
69 http cache is-binary-path@https://registry.npmjs.org/is-binary-path/-/is-binary-path-2.1.0.tgz 0ms (cache hit)
70 http cache is-extglob@https://registry.npmjs.org/is-extglob/-/is-extglob-2.1.1.tgz 0ms (cache hit)
71 http cache is-core-module@https://registry.npmjs.org/is-core-module/-/is-core-module-2.16.1.tgz 0ms (cache hit)
72 http cache hasown@https://registry.npmjs.org/hasown/-/hasown-2.0.3.tgz 0ms (cache hit)
73 http cache glob-parent@https://registry.npmjs.org/glob-parent/-/glob-parent-6.0.2.tgz 0ms (cache hit)
74 http cache graceful-fs@https://registry.npmjs.org/graceful-fs/-/graceful-fs-4.2.11.tgz 0ms (cache hit)
75 http cache fill-range@https://registry.npmjs.org/fill-range/-/fill-range-7.1.1.tgz 0ms (cache hit)
76 http cache fraction.js@https://registry.npmjs.org/fraction.js/-/fraction.js-4.3.7.tgz 0ms (cache hit)
77 http cache fastq@https://registry.npmjs.org/fastq/-/fastq-1.20.1.tgz 0ms (cache hit)
78 http cache electron-to-chromium@https://registry.npmjs.org/electron-to-chromium/-/electron-to-chromium-1.5.349.tgz 0ms (cache hit)
79 http cache es-errors@https://registry.npmjs.org/es-errors/-/es-errors-1.3.0.tgz 0ms (cache hit)
80 http cache dlv@https://registry.npmjs.org/dlv/-/dlv-1.1.3.tgz 0ms (cache hit)
81 http cache didyoumean@https://registry.npmjs.org/didyoumean/-/didyoumean-1.2.2.tgz 0ms (cache hit)
82 http cache csstype@https://registry.npmjs.org/csstype/-/csstype-3.2.3.tgz 0ms (cache hit)
83 http cache cssesc@https://registry.npmjs.org/cssesc/-/cssesc-3.0.0.tgz 0ms (cache hit)
84 http cache commander@https://registry.npmjs.org/commander/-/commander-4.1.1.tgz 0ms (cache hit)
85 http cache client-only@https://registry.npmjs.org/client-only/-/client-only-0.0.1.tgz 0ms (cache hit)
86 http cache chokidar@https://registry.npmjs.org/chokidar/-/chokidar-3.6.0.tgz 0ms (cache hit)
87 http cache function-bind@https://registry.npmjs.org/function-bind/-/function-bind-1.1.2.tgz 0ms (cache hit)
88 http cache fast-glob@https://registry.npmjs.org/fast-glob/-/fast-glob-3.3.3.tgz 0ms (cache hit)
89 http cache escalade@https://registry.npmjs.org/escalade/-/escalade-3.2.0.tgz 0ms (cache hit)
90 http cache caniuse-lite@https://registry.npmjs.org/caniuse-lite/-/caniuse-lite-1.0.30001791.tgz 0ms (cache hit)
91 http cache camelcase-css@https://registry.npmjs.org/camelcase-css/-/camelcase-css-2.0.1.tgz 0ms (cache hit)
92 http cache busboy@https://registry.npmjs.org/busboy/-/busboy-1.6.0.tgz 0ms (cache hit)
93 http cache braces@https://registry.npmjs.org/braces/-/braces-3.0.3.tgz 0ms (cache hit)
94 http cache browserslist@https://registry.npmjs.org/browserslist/-/browserslist-4.28.2.tgz 0ms (cache hit)
95 http cache binary-extensions@https://registry.npmjs.org/binary-extensions/-/binary-extensions-2.3.0.tgz 0ms (cache hit)
96 http cache baseline-browser-mapping@https://registry.npmjs.org/baseline-browser-mapping/-/baseline-browser-mapping-2.10.25.tgz 0ms (cache hit)
97 http cache lucide-react@https://registry.npmjs.org/lucide-react/-/lucide-react-0.468.0.tgz 0ms (cache hit)
98 http cache autoprefixer@https://registry.npmjs.org/autoprefixer/-/autoprefixer-10.4.20.tgz 0ms (cache hit)
99 http cache arg@https://registry.npmjs.org/arg/-/arg-5.0.2.tgz 0ms (cache hit)
100 http cache @types/react-dom@https://registry.npmjs.org/@types/react-dom/-/react-dom-18.3.5.tgz 0ms (cache hit)
101 http cache @types/react@https://registry.npmjs.org/@types/react/-/react-18.3.18.tgz 0ms (cache hit)
102 http cache @swc/counter@https://registry.npmjs.org/@swc/counter/-/counter-0.1.3.tgz 0ms (cache hit)
103 http cache @types/node@https://registry.npmjs.org/@types/node/-/node-22.10.5.tgz 0ms (cache hit)
104 http cache @types/prop-types@https://registry.npmjs.org/@types/prop-types/-/prop-types-15.7.15.tgz 0ms (cache hit)
105 http cache anymatch@https://registry.npmjs.org/anymatch/-/anymatch-3.1.3.tgz 0ms (cache hit)
106 http cache any-promise@https://registry.npmjs.org/any-promise/-/any-promise-1.3.0.tgz 0ms (cache hit)
107 http cache @next/swc-win32-x64-msvc@https://registry.npmjs.org/@next/swc-win32-x64-msvc/-/swc-win32-x64-msvc-14.2.23.tgz 0ms (cache hit)
108 http cache @nodelib/fs.walk@https://registry.npmjs.org/@nodelib/fs.walk/-/fs.walk-1.2.8.tgz 0ms (cache hit)
109 http cache @next/env@https://registry.npmjs.org/@next/env/-/env-14.2.23.tgz 0ms (cache hit)
110 http cache @jridgewell/trace-mapping@https://registry.npmjs.org/@jridgewell/trace-mapping/-/trace-mapping-0.3.31.tgz 0ms (cache hit)
111 http cache @nodelib/fs.stat@https://registry.npmjs.org/@nodelib/fs.stat/-/fs.stat-2.0.5.tgz 0ms (cache hit)
112 http cache @nodelib/fs.scandir@https://registry.npmjs.org/@nodelib/fs.scandir/-/fs.scandir-2.1.5.tgz 0ms (cache hit)
113 http cache @swc/helpers@https://registry.npmjs.org/@swc/helpers/-/helpers-0.5.5.tgz 0ms (cache hit)
114 http cache @alloc/quick-lru@https://registry.npmjs.org/@alloc/quick-lru/-/quick-lru-5.2.0.tgz 0ms (cache hit)
115 http cache next@https://registry.npmjs.org/next/-/next-14.2.23.tgz 0ms (cache hit)
116 http cache fdir@https://registry.npmjs.org/fdir/-/fdir-6.5.0.tgz 0ms (cache hit)
117 http cache postcss-load-config@https://registry.npmjs.org/postcss-load-config/-/postcss-load-config-4.0.2.tgz 0ms (cache hit)
118 http cache glob-parent@https://registry.npmjs.org/glob-parent/-/glob-parent-5.1.2.tgz 1ms (cache hit)
119 http cache glob-parent@https://registry.npmjs.org/glob-parent/-/glob-parent-5.1.2.tgz 0ms (cache hit)
120 http cache postcss@https://registry.npmjs.org/postcss/-/postcss-8.4.31.tgz 0ms (cache hit)
121 http cache picomatch@https://registry.npmjs.org/picomatch/-/picomatch-4.0.4.tgz 0ms (cache hit)
122 http cache @jridgewell/resolve-uri@https://registry.npmjs.org/@jridgewell/resolve-uri/-/resolve-uri-3.1.2.tgz 0ms (cache hit)
123 silly tarball no local data for typescript@https://registry.npmjs.org/typescript/-/typescript-5.7.2.tgz. Extracting by manifest.
124 http cache @jridgewell/sourcemap-codec@https://registry.npmjs.org/@jridgewell/sourcemap-codec/-/sourcemap-codec-1.5.5.tgz 0ms (cache hit)
125 http cache @jridgewell/gen-mapping@https://registry.npmjs.org/@jridgewell/gen-mapping/-/gen-mapping-0.3.13.tgz 0ms (cache hit)
126 silly tarball no local data for @next/swc-win32-x64-msvc@https://registry.npmjs.org/@next/swc-win32-x64-msvc/-/swc-win32-x64-msvc-14.2.23.tgz. Extracting by manifest.
127 http fetch GET 200 https://registry.npmjs.org/typescript/-/typescript-5.7.2.tgz 1620ms (cache miss)
128 http fetch GET 200 https://registry.npmjs.org/@next/swc-win32-x64-msvc/-/swc-win32-x64-msvc-14.2.23.tgz 2801ms (cache miss)
129 warn deprecated next@14.2.23: This version has a security vulnerability. Please upgrade to a patched version. See https://nextjs.org/blog/security-update-2025-12-11 for more details.
130 silly ADD node_modules/yaml
131 silly ADD node_modules/util-deprecate
132 silly ADD node_modules/update-browserslist-db
133 silly ADD node_modules/undici-types
134 silly ADD node_modules/typescript
135 silly ADD node_modules/tslib
136 silly ADD node_modules/ts-interface-checker
137 silly ADD node_modules/to-regex-range
138 silly ADD node_modules/tinyglobby
139 silly ADD node_modules/tinyglobby/node_modules/picomatch
140 silly ADD node_modules/tinyglobby/node_modules/fdir
141 silly ADD node_modules/thenify-all
142 silly ADD node_modules/thenify
143 silly ADD node_modules/tailwindcss
144 silly ADD node_modules/tailwindcss/node_modules/postcss-load-config
145 silly ADD node_modules/supports-preserve-symlinks-flag
146 silly ADD node_modules/sucrase
147 silly ADD node_modules/styled-jsx
148 silly ADD node_modules/streamsearch
149 silly ADD node_modules/source-map-js
150 silly ADD node_modules/scheduler
151 silly ADD node_modules/run-parallel
152 silly ADD node_modules/reusify
153 silly ADD node_modules/resolve
154 silly ADD node_modules/readdirp
155 silly ADD node_modules/read-cache
156 silly ADD node_modules/react-dom
157 silly ADD node_modules/react
158 silly ADD node_modules/queue-microtask
159 silly ADD node_modules/postcss-value-parser
160 silly ADD node_modules/postcss-selector-parser
161 silly ADD node_modules/postcss-nested
162 silly ADD node_modules/postcss-js
163 silly ADD node_modules/postcss-import
164 silly ADD node_modules/postcss
165 silly ADD node_modules/pirates
166 silly ADD node_modules/pify
167 silly ADD node_modules/picomatch
168 silly ADD node_modules/picocolors
169 silly ADD node_modules/path-parse
170 silly ADD node_modules/object-hash
171 silly ADD node_modules/object-assign
172 silly ADD node_modules/normalize-range
173 silly ADD node_modules/normalize-path
174 silly ADD node_modules/node-releases
175 silly ADD node_modules/nanoid
176 silly ADD node_modules/mz
177 silly ADD node_modules/micromatch
178 silly ADD node_modules/merge2
179 silly ADD node_modules/lucide-react
180 silly ADD node_modules/loose-envify
181 silly ADD node_modules/lines-and-columns
182 silly ADD node_modules/lilconfig
183 silly ADD node_modules/js-tokens
184 silly ADD node_modules/jiti
185 silly ADD node_modules/is-number
186 silly ADD node_modules/is-glob
187 silly ADD node_modules/is-extglob
188 silly ADD node_modules/is-core-module
189 silly ADD node_modules/is-binary-path
190 silly ADD node_modules/hasown
191 silly ADD node_modules/graceful-fs
192 silly ADD node_modules/glob-parent
193 silly ADD node_modules/function-bind
194 silly ADD node_modules/fraction.js
195 silly ADD node_modules/fill-range
196 silly ADD node_modules/fastq
197 silly ADD node_modules/fast-glob
198 silly ADD node_modules/fast-glob/node_modules/glob-parent
199 silly ADD node_modules/escalade
200 silly ADD node_modules/es-errors
201 silly ADD node_modules/electron-to-chromium
202 silly ADD node_modules/dlv
203 silly ADD node_modules/didyoumean
204 silly ADD node_modules/csstype
205 silly ADD node_modules/cssesc
206 silly ADD node_modules/commander
207 silly ADD node_modules/client-only
208 silly ADD node_modules/chokidar
209 silly ADD node_modules/chokidar/node_modules/glob-parent
210 silly ADD node_modules/caniuse-lite
211 silly ADD node_modules/camelcase-css
212 silly ADD node_modules/busboy
213 silly ADD node_modules/browserslist
214 silly ADD node_modules/braces
215 silly ADD node_modules/binary-extensions
216 silly ADD node_modules/baseline-browser-mapping
217 silly ADD node_modules/autoprefixer
218 silly ADD node_modules/arg
219 silly ADD node_modules/anymatch
220 silly ADD node_modules/any-promise
221 silly ADD node_modules/@types/react-dom
222 silly ADD node_modules/@types/react
223 silly ADD node_modules/@types/prop-types
224 silly ADD node_modules/@types/node
225 silly ADD node_modules/@swc/helpers
226 silly ADD node_modules/@swc/counter
227 silly ADD node_modules/@nodelib/fs.walk
228 silly ADD node_modules/@nodelib/fs.stat
229 silly ADD node_modules/@nodelib/fs.scandir
230 silly ADD node_modules/@next/swc-win32-x64-msvc
231 silly ADD node_modules/@next/env
232 silly ADD node_modules/@jridgewell/trace-mapping
233 silly ADD node_modules/@jridgewell/sourcemap-codec
234 silly ADD node_modules/@jridgewell/resolve-uri
235 silly ADD node_modules/@jridgewell/gen-mapping
236 silly ADD node_modules/@alloc/quick-lru
237 silly CHANGE node_modules/next
238 silly ADD node_modules/next/node_modules/postcss
239 verbose cwd C:\Users\faiza\Downloads\ClusterCat\ClusterCat\apps\web
240 verbose os Windows_NT 10.0.26200
241 verbose node v24.12.0
242 verbose npm  v11.6.2
243 verbose exit 0
244 info ok
